<?xml version="1.0" encoding="UTF-8"?>
<!-- Generated by org.testng.reporters.JUnitXMLReporter -->
<testsuite hostname="LAPTOP-JTE755OA" ignored="0" name="Product Validation " tests="1" failures="1" timestamp="21 Dec 2021 05:15:50 GMT" time="6043.098" errors="0">
  <testcase name="start" time="6043.059" classname="holistapetSite.ProductValidation">
    <failure type="java.lang.NullPointerException" message="null value in entry: url=null">
      <![CDATA[java.lang.NullPointerException: null value in entry: url=null
at com.google.common.collect.CollectPreconditions.checkEntryNotNull(CollectPreconditions.java:32)
at com.google.common.collect.SingletonImmutableBiMap.<init>(SingletonImmutableBiMap.java:42)
at com.google.common.collect.ImmutableBiMap.of(ImmutableBiMap.java:72)
at com.google.common.collect.ImmutableMap.of(ImmutableMap.java:124)
at org.openqa.selenium.remote.RemoteWebDriver.get(RemoteWebDriver.java:277)
at holistapetSite.MethodsClass.ProductValidation(MethodsClass.java:296)
at holistapetSite.ExcelDataReadForProductValidation.holistaexceldata(ExcelDataReadForProductValidation.java:131)
at holistapetSite.ExcelDataReadForProductValidation.ContentValidationDataFromExcel(ExcelDataReadForProductValidation.java:139)
at holistapetSite.ProductValidation.start(ProductValidation.java:22)
at java.util.concurrent.FutureTask.run(FutureTask.java:266)
at java.util.concurrent.ThreadPoolExecutor.runWorker(ThreadPoolExecutor.java:1149)
at java.util.concurrent.ThreadPoolExecutor$Worker.run(ThreadPoolExecutor.java:624)
at java.lang.Thread.run(Thread.java:748)
... Removed 16 stack frames]]>
    </failure>
  </testcase> <!-- start -->
</testsuite> <!-- Product Validation  -->
