-------------------------------------------------------------------------------
Test set: TestSuite
-------------------------------------------------------------------------------
Tests run: 1, Failures: 1, Errors: 0, Skipped: 0, Time elapsed: 6,043.437 s <<< FAILURE! - in TestSuite
holistapetSite.ProductValidation.start  Time elapsed: 6,043.124 s  <<< FAILURE!
java.lang.NullPointerException: null value in entry: url=null
	at holistapetSite.ProductValidation.start(ProductValidation.java:22)

