<?xml version="1.0" encoding="UTF-8"?>
<testng-results ignored="0" total="1" passed="1" failed="0" skipped="0">
  <reporter-output>
  </reporter-output>
  <suite started-at="2021-12-23T10:54:08 IST" name="Suite results" finished-at="2021-12-23T13:17:02 IST" duration-ms="8574503">
    <groups>
    </groups>
    <test started-at="2021-12-23T10:54:08 IST" name="Product Validation " finished-at="2021-12-23T13:17:02 IST" duration-ms="8574503">
      <class name="holistapetSite.ProductValidation">
        <test-method signature="start()[pri:0, instance:holistapetSite.ProductValidation@52af26ee]" started-at="2021-12-23T10:54:08 IST" name="start" finished-at="2021-12-23T13:17:02 IST" duration-ms="8574461" status="PASS">
          <reporter-output>
          </reporter-output>
        </test-method> <!-- start -->
      </class> <!-- holistapetSite.ProductValidation -->
    </test> <!-- Product Validation  -->
  </suite> <!-- Suite results -->
</testng-results>
